This file contains any messages produced by compilers while
running configure, to aid debugging if configure makes a mistake.

It was created by configure, which was
generated by GNU Autoconf 2.69.  Invocation command line was

  $ ./configure 

## --------- ##
## Platform. ##
## --------- ##

hostname = abels-MacBook-Pro.local
uname -m = x86_64
uname -r = 17.0.0
uname -s = Darwin
uname -v = Darwin Kernel Version 17.0.0: Thu Aug 24 21:48:19 PDT 2017; root:xnu-4570.1.46~2/RELEASE_X86_64

/usr/bin/uname -p = i386
/bin/uname -X     = unknown

/bin/arch              = unknown
/usr/bin/arch -k       = unknown
/usr/convex/getsysinfo = unknown
/usr/bin/hostinfo      = Mach kernel version:
	 Darwin Kernel Version 17.0.0: Thu Aug 24 21:48:19 PDT 2017; root:xnu-4570.1.46~2/RELEASE_X86_64
Kernel configured for up to 8 processors.
4 processors are physically available.
8 processors are logically available.
Processor type: i486 (Intel 80486)
Processors active: 0 1 2 3 4 5 6 7
Primary memory available: 16.00 gigabytes
Default processor set: 349 tasks, 1683 threads, 8 processors
Load average: 2.19, Mach factor: 5.80
/bin/machine           = unknown
/usr/bin/oslevel       = unknown
/bin/universe          = unknown

PATH: /usr/local/bin
PATH: /usr/local/sbin
PATH: /usr/local/opt/coreutils/libexec/gnubin
PATH: /usr/local/bin
PATH: /usr/bin
PATH: /bin
PATH: /usr/sbin
PATH: /sbin
PATH: /usr/local/MacGPG2/bin
PATH: /home/aberope/openwrt/staging_dir/host/bin
PATH: /home/aberope/openwrt/staging_dir/toolchain-mips_mips32_gcc-5.2.0_musl-1.1.11/bin
PATH: /home/aberope/openwrt/staging_dir/toolchain-mips_34kc_gcc-5.2.0_musl-1.1.11/bin
PATH: /bin
PATH: /Users/aberope/gocode/bin
PATH: /usr/local/bin
PATH: /Users/aberope/.composer/vendor/bin
PATH: /usr/local/m-cli


## ----------- ##
## Core tests. ##
## ----------- ##

configure:2077: checking for grep that handles long lines and -e
configure:2135: result: /usr/local/bin/ggrep
configure:2140: checking for egrep
configure:2202: result: /usr/local/bin/ggrep -E
configure:2207: checking for a sed that does not truncate output
configure:2271: result: /usr/local/bin/gsed
configure:2405: checking for cc
configure:2421: found /usr/bin/cc
configure:2432: result: cc
configure:2463: checking for C compiler version
configure:2472: cc --version >&5
Apple LLVM version 9.0.0 (clang-900.0.38)
Target: x86_64-apple-darwin17.0.0
Thread model: posix
InstalledDir: /Applications/Xcode.app/Contents/Developer/Toolchains/XcodeDefault.xctoolchain/usr/bin
configure:2483: $? = 0
configure:2472: cc -v >&5
Apple LLVM version 9.0.0 (clang-900.0.38)
Target: x86_64-apple-darwin17.0.0
Thread model: posix
InstalledDir: /Applications/Xcode.app/Contents/Developer/Toolchains/XcodeDefault.xctoolchain/usr/bin
configure:2483: $? = 0
configure:2472: cc -V >&5
clang: error: argument to '-V' is missing (expected 1 value)
clang: error: no input files
configure:2483: $? = 1
configure:2472: cc -qversion >&5
clang: error: unknown argument: '-qversion'
clang: error: no input files
configure:2483: $? = 1
configure:2503: checking whether the C compiler works
configure:2525: cc    conftest.c  >&5
configure:2529: $? = 0
configure:2577: result: yes
configure:2580: checking for C compiler default output file name
configure:2582: result: a.out
configure:2588: checking for suffix of executables
configure:2595: cc -o conftest    conftest.c  >&5
configure:2599: $? = 0
configure:2621: result: 
configure:2643: checking whether we are cross compiling
configure:2651: cc -o conftest    conftest.c  >&5
configure:2655: $? = 0
configure:2662: ./conftest
configure:2666: $? = 0
configure:2681: result: no
configure:2686: checking for suffix of object files
configure:2708: cc -c   conftest.c >&5
configure:2712: $? = 0
configure:2733: result: o
configure:2737: checking whether we are using the GNU C compiler
configure:2756: cc -c   conftest.c >&5
configure:2756: $? = 0
configure:2765: result: yes
configure:2774: checking whether cc accepts -g
configure:2794: cc -c -g  conftest.c >&5
configure:2794: $? = 0
configure:2835: result: yes
configure:2852: checking for cc option to accept ISO C89
configure:2915: cc  -c -g -O2  conftest.c >&5
configure:2915: $? = 0
configure:2928: result: none needed
configure:2954: checking how to run the C preprocessor
configure:2985: cc -E  conftest.c
configure:2985: $? = 0
configure:2999: cc -E  conftest.c
conftest.c:9:10: fatal error: 'ac_nonexistent.h' file not found
#include <ac_nonexistent.h>
         ^~~~~~~~~~~~~~~~~~
1 error generated.
configure:2999: $? = 1
configure: failed program was:
| /* confdefs.h */
| #define PACKAGE_NAME ""
| #define PACKAGE_TARNAME ""
| #define PACKAGE_VERSION ""
| #define PACKAGE_STRING ""
| #define PACKAGE_BUGREPORT ""
| #define PACKAGE_URL ""
| /* end confdefs.h.  */
| #include <ac_nonexistent.h>
configure:3024: result: cc -E
configure:3044: cc -E  conftest.c
configure:3044: $? = 0
configure:3058: cc -E  conftest.c
conftest.c:9:10: fatal error: 'ac_nonexistent.h' file not found
#include <ac_nonexistent.h>
         ^~~~~~~~~~~~~~~~~~
1 error generated.
configure:3058: $? = 1
configure: failed program was:
| /* confdefs.h */
| #define PACKAGE_NAME ""
| #define PACKAGE_TARNAME ""
| #define PACKAGE_VERSION ""
| #define PACKAGE_STRING ""
| #define PACKAGE_BUGREPORT ""
| #define PACKAGE_URL ""
| /* end confdefs.h.  */
| #include <ac_nonexistent.h>
configure:3089: checking for icc
configure:3098: result: no
configure:3112: checking for suncc
configure:3121: result: no
configure:3139: checking whether cc understands -c and -o together
configure:3167: cc -c conftest.c -o conftest2.o >&5
configure:3171: $? = 0
configure:3177: cc -c conftest.c -o conftest2.o >&5
configure:3181: $? = 0
configure:3236: result: yes
configure:3250: checking for system library directory
configure:3265: result: lib
configure:3272: checking if compiler supports -R
configure:3291: cc -o conftest -g -O2   conftest.c -R /usr/lib  >&5
warning: unknown remark option '-R' [-Wunknown-warning-option]
1 warning generated.
ld: can't map file, errno=22 file '/Applications/Xcode.app/Contents/Developer/Platforms/MacOSX.platform/Developer/SDKs/MacOSX10.13.sdk/usr/lib' for architecture x86_64
clang: error: linker command failed with exit code 1 (use -v to see invocation)
configure:3291: $? = 1
configure: failed program was:
| /* confdefs.h */
| #define PACKAGE_NAME ""
| #define PACKAGE_TARNAME ""
| #define PACKAGE_VERSION ""
| #define PACKAGE_STRING ""
| #define PACKAGE_BUGREPORT ""
| #define PACKAGE_URL ""
| /* end confdefs.h.  */
| 
| int
| main ()
| {
| 
|   ;
|   return 0;
| }
configure:3301: result: no
configure:3306: checking if compiler supports -Wl,-rpath,
configure:3325: cc -o conftest -g -O2   conftest.c -Wl,-rpath,/usr/lib  >&5
configure:3325: $? = 0
configure:3335: result: yes
configure:3380: checking build system type
configure:3394: result: x86_64-apple-darwin17.0.0
configure:3414: checking host system type
configure:3427: result: x86_64-apple-darwin17.0.0
configure:3447: checking target system type
configure:3460: result: x86_64-apple-darwin17.0.0
configure:3563: checking for PHP prefix
configure:3565: result: /usr/local/Cellar/php72/7.2.0beta3_5
configure:3567: checking for PHP includes
configure:3569: result: -I/usr/local/Cellar/php72/7.2.0beta3_5/include/php -I/usr/local/Cellar/php72/7.2.0beta3_5/include/php/main -I/usr/local/Cellar/php72/7.2.0beta3_5/include/php/TSRM -I/usr/local/Cellar/php72/7.2.0beta3_5/include/php/Zend -I/usr/local/Cellar/php72/7.2.0beta3_5/include/php/ext -I/usr/local/Cellar/php72/7.2.0beta3_5/include/php/ext/date/lib
configure:3571: checking for PHP extension directory
configure:3573: result: /usr/local/Cellar/php72/7.2.0beta3_5/lib/php/extensions/no-debug-non-zts-20170718
configure:3575: checking for PHP installed headers prefix
configure:3577: result: /usr/local/Cellar/php72/7.2.0beta3_5/include/php
configure:3580: checking if debug is enabled
configure:3606: result: no
configure:3609: checking if zts is enabled
configure:3635: result: no
configure:3706: checking for re2c
configure:3736: result: no
configure:3761: WARNING: You will need re2c 0.13.4 or later if you want to regenerate PHP parsers.
configure:3775: checking for gawk
configure:3792: found /usr/local/bin/gawk
configure:3803: result: gawk
configure:3847: checking whether to enable security support
configure:3886: result: yes, shared
configure:4246: checking how to print strings
configure:4273: result: printf
configure:4294: checking for a sed that does not truncate output
configure:4358: result: /usr/local/bin/gsed
configure:4376: checking for fgrep
configure:4438: result: /usr/local/bin/ggrep -F
configure:4473: checking for ld used by cc
configure:4540: result: /Applications/Xcode.app/Contents/Developer/Toolchains/XcodeDefault.xctoolchain/usr/bin/ld
configure:4547: checking if the linker (/Applications/Xcode.app/Contents/Developer/Toolchains/XcodeDefault.xctoolchain/usr/bin/ld) is GNU ld
configure:4562: result: no
configure:4574: checking for BSD- or MS-compatible name lister (nm)
configure:4623: result: /usr/bin/nm -B
configure:4753: checking the name lister (/usr/bin/nm -B) interface
configure:4760: cc -c -g -O2  conftest.c >&5
configure:4763: /usr/bin/nm -B "conftest.o"
configure:4766: output
00000000000001c8 S _some_variable
configure:4773: result: BSD nm
configure:4776: checking whether ln -s works
configure:4780: result: yes
configure:4788: checking the maximum length of command line arguments
configure:4919: result: 196608
configure:4936: checking whether the shell understands some XSI constructs
configure:4946: result: yes
configure:4950: checking whether the shell understands "+="
configure:4956: result: yes
configure:4991: checking how to convert x86_64-apple-darwin17.0.0 file names to x86_64-apple-darwin17.0.0 format
configure:5031: result: func_convert_file_noop
configure:5038: checking how to convert x86_64-apple-darwin17.0.0 file names to toolchain format
configure:5058: result: func_convert_file_noop
configure:5065: checking for /Applications/Xcode.app/Contents/Developer/Toolchains/XcodeDefault.xctoolchain/usr/bin/ld option to reload object files
configure:5072: result: -r
configure:5146: checking for objdump
configure:5162: found /usr/bin/objdump
configure:5173: result: objdump
configure:5205: checking how to recognize dependent libraries
configure:5403: result: pass_all
configure:5488: checking for dlltool
configure:5518: result: no
configure:5548: checking how to associate runtime and link libraries
configure:5575: result: printf %s\n
configure:5635: checking for ar
configure:5651: found /usr/bin/ar
configure:5662: result: ar
configure:5699: checking for archiver @FILE support
configure:5716: cc -c -g -O2  conftest.c >&5
configure:5716: $? = 0
configure:5719: ar cru libconftest.a @conftest.lst >&5
ar: @conftest.lst: No such file or directory
configure:5722: $? = 1
configure:5742: result: no
configure:5800: checking for strip
configure:5816: found /usr/bin/strip
configure:5827: result: strip
configure:5899: checking for ranlib
configure:5915: found /usr/bin/ranlib
configure:5926: result: ranlib
configure:6003: checking for gawk
configure:6030: result: gawk
configure:6070: checking command to parse /usr/bin/nm -B output from cc object
configure:6190: cc -c -g -O2  conftest.c >&5
configure:6193: $? = 0
configure:6197: /usr/bin/nm -B conftest.o \| sed -n -e 's/^.*[ ]\([BCDEGRST][BCDEGRST]*\)[ ][ ]*\([_A-Za-z][_A-Za-z0-9]*\)$/\1 \2 \2/p' | sed '/ __gnu_lto/d' \> conftest.nm
configure:6200: $? = 0
cannot find nm_test_var in conftest.nm
configure:6190: cc -c -g -O2  conftest.c >&5
configure:6193: $? = 0
configure:6197: /usr/bin/nm -B conftest.o \| sed -n -e 's/^.*[ ]\([BCDEGRST][BCDEGRST]*\)[ ][ ]*_\([_A-Za-z][_A-Za-z0-9]*\)$/\1 _\2 \2/p' | sed '/ __gnu_lto/d' \> conftest.nm
configure:6200: $? = 0
configure:6266: cc -o conftest -g -O2   conftest.c conftstm.o >&5
warning: (x86_64)  could not find object file symbol for symbol _main
configure:6269: $? = 0
configure:6307: result: ok
configure:6344: checking for sysroot
configure:6374: result: no
configure:6643: checking for mt
configure:6673: result: no
configure:6693: checking if : is a manifest tool
configure:6699: : '-?'
configure:6707: result: no
configure:6763: checking for dsymutil
configure:6779: found /usr/bin/dsymutil
configure:6790: result: dsymutil
configure:6855: checking for nmedit
configure:6871: found /usr/bin/nmedit
configure:6882: result: nmedit
configure:6947: checking for lipo
configure:6963: found /usr/bin/lipo
configure:6974: result: lipo
configure:7039: checking for otool
configure:7055: found /usr/bin/otool
configure:7066: result: otool
configure:7131: checking for otool64
configure:7161: result: no
configure:7206: checking for -single_module linker flag
cc -g -O2  -o libconftest.dylib -dynamiclib -Wl,-single_module conftest.c
configure:7239: result: yes
configure:7242: checking for -exported_symbols_list linker flag
configure:7262: cc -o conftest -g -O2   -Wl,-exported_symbols_list,conftest.sym conftest.c  >&5
configure:7262: $? = 0
configure:7272: result: yes
configure:7275: checking for -force_load linker flag
cc -g -O2 -c -o conftest.o conftest.c
ar cru libconftest.a conftest.o
ranlib libconftest.a
cc -g -O2  -o conftest conftest.c -Wl,-force_load,./libconftest.a
configure:7307: result: yes
configure:7344: checking for ANSI C header files
configure:7364: cc -c -g -O2  conftest.c >&5
configure:7364: $? = 0
configure:7437: cc -o conftest -g -O2   conftest.c  >&5
configure:7437: $? = 0
configure:7437: ./conftest
configure:7437: $? = 0
configure:7448: result: yes
configure:7461: checking for sys/types.h
configure:7461: cc -c -g -O2  conftest.c >&5
configure:7461: $? = 0
configure:7461: result: yes
configure:7461: checking for sys/stat.h
configure:7461: cc -c -g -O2  conftest.c >&5
configure:7461: $? = 0
configure:7461: result: yes
configure:7461: checking for stdlib.h
configure:7461: cc -c -g -O2  conftest.c >&5
configure:7461: $? = 0
configure:7461: result: yes
configure:7461: checking for string.h
configure:7461: cc -c -g -O2  conftest.c >&5
configure:7461: $? = 0
configure:7461: result: yes
configure:7461: checking for memory.h
configure:7461: cc -c -g -O2  conftest.c >&5
configure:7461: $? = 0
configure:7461: result: yes
configure:7461: checking for strings.h
configure:7461: cc -c -g -O2  conftest.c >&5
configure:7461: $? = 0
configure:7461: result: yes
configure:7461: checking for inttypes.h
configure:7461: cc -c -g -O2  conftest.c >&5
configure:7461: $? = 0
configure:7461: result: yes
configure:7461: checking for stdint.h
configure:7461: cc -c -g -O2  conftest.c >&5
configure:7461: $? = 0
configure:7461: result: yes
configure:7461: checking for unistd.h
configure:7461: cc -c -g -O2  conftest.c >&5
configure:7461: $? = 0
configure:7461: result: yes
configure:7475: checking for dlfcn.h
configure:7475: cc -c -g -O2  conftest.c >&5
configure:7475: $? = 0
configure:7475: result: yes
configure:7681: checking for objdir
configure:7696: result: .libs
configure:7967: checking if cc supports -fno-rtti -fno-exceptions
configure:7985: cc -c -g -O2  -fno-rtti -fno-exceptions conftest.c >&5
configure:7989: $? = 0
configure:8002: result: yes
configure:8329: checking for cc option to produce PIC
configure:8336: result: -fno-common -DPIC
configure:8344: checking if cc PIC flag -fno-common -DPIC works
configure:8362: cc -c -g -O2  -fno-common -DPIC -DPIC conftest.c >&5
configure:8366: $? = 0
configure:8379: result: yes
configure:8408: checking if cc static flag -static works
configure:8436: result: no
configure:8451: checking if cc supports -c -o file.o
configure:8472: cc -c -g -O2  -o out/conftest2.o conftest.c >&5
configure:8476: $? = 0
configure:8498: result: yes
configure:8506: checking if cc supports -c -o file.o
configure:8553: result: yes
configure:8586: checking whether the cc linker (/Applications/Xcode.app/Contents/Developer/Toolchains/XcodeDefault.xctoolchain/usr/bin/ld) supports shared libraries
configure:9743: result: yes
configure:9983: checking dynamic linker characteristics
configure:10717: result: darwin17.0.0 dyld
configure:10824: checking how to hardcode library paths into programs
configure:10849: result: immediate
configure:11389: checking whether stripping libraries is possible
configure:11403: result: yes
configure:11429: checking if libtool supports shared libraries
configure:11431: result: yes
configure:11434: checking whether to build shared libraries
configure:11455: result: yes
configure:11458: checking whether to build static libraries
configure:11462: result: no
configure:11738: creating ./config.status

## ---------------------- ##
## Running config.status. ##
## ---------------------- ##

This file was extended by config.status, which was
generated by GNU Autoconf 2.69.  Invocation command line was

  CONFIG_FILES    = 
  CONFIG_HEADERS  = 
  CONFIG_LINKS    = 
  CONFIG_COMMANDS = 
  $ ./config.status 

on abels-MacBook-Pro.local

config.status:883: creating config.h
config.status:973: config.h is unchanged
config.status:987: executing libtool commands

## ---------------- ##
## Cache variables. ##
## ---------------- ##

ac_cv_build=x86_64-apple-darwin17.0.0
ac_cv_c_compiler_gnu=yes
ac_cv_env_CC_set=
ac_cv_env_CC_value=
ac_cv_env_CFLAGS_set=
ac_cv_env_CFLAGS_value=
ac_cv_env_CPPFLAGS_set=
ac_cv_env_CPPFLAGS_value=
ac_cv_env_CPP_set=
ac_cv_env_CPP_value=
ac_cv_env_LDFLAGS_set=
ac_cv_env_LDFLAGS_value=
ac_cv_env_LIBS_set=
ac_cv_env_LIBS_value=
ac_cv_env_build_alias_set=
ac_cv_env_build_alias_value=
ac_cv_env_host_alias_set=
ac_cv_env_host_alias_value=
ac_cv_env_target_alias_set=
ac_cv_env_target_alias_value=
ac_cv_header_dlfcn_h=yes
ac_cv_header_inttypes_h=yes
ac_cv_header_memory_h=yes
ac_cv_header_stdc=yes
ac_cv_header_stdint_h=yes
ac_cv_header_stdlib_h=yes
ac_cv_header_string_h=yes
ac_cv_header_strings_h=yes
ac_cv_header_sys_stat_h=yes
ac_cv_header_sys_types_h=yes
ac_cv_header_unistd_h=yes
ac_cv_host=x86_64-apple-darwin17.0.0
ac_cv_objext=o
ac_cv_path_EGREP='/usr/local/bin/ggrep -E'
ac_cv_path_FGREP='/usr/local/bin/ggrep -F'
ac_cv_path_GREP=/usr/local/bin/ggrep
ac_cv_path_SED=/usr/local/bin/gsed
ac_cv_prog_AWK=gawk
ac_cv_prog_CPP='cc -E'
ac_cv_prog_ac_ct_AR=ar
ac_cv_prog_ac_ct_CC=cc
ac_cv_prog_ac_ct_DSYMUTIL=dsymutil
ac_cv_prog_ac_ct_LIPO=lipo
ac_cv_prog_ac_ct_NMEDIT=nmedit
ac_cv_prog_ac_ct_OBJDUMP=objdump
ac_cv_prog_ac_ct_OTOOL=otool
ac_cv_prog_ac_ct_RANLIB=ranlib
ac_cv_prog_ac_ct_STRIP=strip
ac_cv_prog_cc_c89=
ac_cv_prog_cc_cc_c_o=yes
ac_cv_prog_cc_g=yes
ac_cv_target=x86_64-apple-darwin17.0.0
lt_cv_apple_cc_single_mod=yes
lt_cv_ar_at_file=no
lt_cv_deplibs_check_method=pass_all
lt_cv_file_magic_cmd='$MAGIC_CMD'
lt_cv_file_magic_test_file=
lt_cv_ld_exported_symbols_list=yes
lt_cv_ld_force_load=yes
lt_cv_ld_reload_flag=-r
lt_cv_nm_interface='BSD nm'
lt_cv_objdir=.libs
lt_cv_path_LD=/Applications/Xcode.app/Contents/Developer/Toolchains/XcodeDefault.xctoolchain/usr/bin/ld
lt_cv_path_NM='/usr/bin/nm -B'
lt_cv_path_mainfest_tool=no
lt_cv_prog_compiler_c_o=yes
lt_cv_prog_compiler_pic='-fno-common -DPIC'
lt_cv_prog_compiler_pic_works=yes
lt_cv_prog_compiler_rtti_exceptions=yes
lt_cv_prog_compiler_static_works=no
lt_cv_prog_gnu_ld=no
lt_cv_sharedlib_from_linklib_cmd='printf %s\n'
lt_cv_sys_global_symbol_pipe='sed -n -e '\''s/^.*[	 ]\([BCDEGRST][BCDEGRST]*\)[	 ][	 ]*_\([_A-Za-z][_A-Za-z0-9]*\)$/\1 _\2 \2/p'\'' | sed '\''/ __gnu_lto/d'\'''
lt_cv_sys_global_symbol_to_c_name_address='sed -n -e '\''s/^: \([^ ]*\)[ ]*$/  {\"\1\", (void *) 0},/p'\'' -e '\''s/^[BCDEGRST]* \([^ ]*\) \([^ ]*\)$/  {"\2", (void *) \&\2},/p'\'''
lt_cv_sys_global_symbol_to_c_name_address_lib_prefix='sed -n -e '\''s/^: \([^ ]*\)[ ]*$/  {\"\1\", (void *) 0},/p'\'' -e '\''s/^[BCDEGRST]* \([^ ]*\) \(lib[^ ]*\)$/  {"\2", (void *) \&\2},/p'\'' -e '\''s/^[BCDEGRST]* \([^ ]*\) \([^ ]*\)$/  {"lib\2", (void *) \&\2},/p'\'''
lt_cv_sys_global_symbol_to_cdecl='sed -n -e '\''s/^T .* \(.*\)$/extern int \1();/p'\'' -e '\''s/^[BCDEGRST]* .* \(.*\)$/extern char \1;/p'\'''
lt_cv_sys_max_cmd_len=196608
lt_cv_to_host_file_cmd=func_convert_file_noop
lt_cv_to_tool_file_cmd=func_convert_file_noop
php_cv_cc_dashr=no
php_cv_cc_rpath=yes

## ----------------- ##
## Output variables. ##
## ----------------- ##

AR='ar'
AWK='gawk'
CC='cc'
CFLAGS='-g -O2'
CONFIGURE_COMMAND=' '\''./configure'\'' '
CONFIGURE_OPTIONS=''
CPP='cc -E'
CPPFLAGS=' -DHAVE_CONFIG_H'
DEFS='-DHAVE_CONFIG_H'
DLLTOOL='false'
DSYMUTIL='dsymutil'
DUMPBIN=''
ECHO_C='\c'
ECHO_N=''
ECHO_T=''
EGREP='/usr/local/bin/ggrep -E'
EXEEXT=''
FGREP='/usr/local/bin/ggrep -F'
GREP='/usr/local/bin/ggrep'
LD='/Applications/Xcode.app/Contents/Developer/Toolchains/XcodeDefault.xctoolchain/usr/bin/ld'
LDFLAGS=''
LIBOBJS=''
LIBS=''
LIBTOOL='$(SHELL) $(top_builddir)/libtool'
LIPO='lipo'
LN_S='ln -s'
LTLIBOBJS=''
MANIFEST_TOOL=':'
NM='/usr/bin/nm -B'
NMEDIT='nmedit'
OBJDUMP='objdump'
OBJEXT='o'
OTOOL64=':'
OTOOL='otool'
PACKAGE_BUGREPORT=''
PACKAGE_NAME=''
PACKAGE_STRING=''
PACKAGE_TARNAME=''
PACKAGE_URL=''
PACKAGE_VERSION=''
PATH_SEPARATOR=':'
RANLIB='ranlib'
RE2C='exit 0;'
SED='/usr/local/bin/gsed'
SHELL='/bin/sh'
SHLIB_DL_SUFFIX_NAME='so'
SHLIB_SUFFIX_NAME='dylib'
STRIP='strip'
ac_ct_AR='ar'
ac_ct_CC='cc'
ac_ct_DUMPBIN=''
bindir='${exec_prefix}/bin'
build='x86_64-apple-darwin17.0.0'
build_alias=''
build_cpu='x86_64'
build_os='darwin17.0.0'
build_vendor='apple'
datadir='${datarootdir}'
datarootdir='${prefix}/share'
docdir='${datarootdir}/doc/${PACKAGE}'
dvidir='${docdir}'
exec_prefix='$(prefix)'
host='x86_64-apple-darwin17.0.0'
host_alias='x86_64-apple-darwin17.0.0'
host_cpu='x86_64'
host_os='darwin17.0.0'
host_vendor='apple'
htmldir='${docdir}'
includedir='${prefix}/include'
infodir='${datarootdir}/info'
libdir='${exec_prefix}/lib'
libexecdir='${exec_prefix}/libexec'
localedir='${datarootdir}/locale'
localstatedir='${prefix}/var'
mandir='${datarootdir}/man'
oldincludedir='/usr/include'
pdfdir='${docdir}'
prefix='/usr/local/Cellar/php72/7.2.0beta3_5'
program_transform_name='s,x,x,'
psdir='${docdir}'
sbindir='${exec_prefix}/sbin'
sharedstatedir='${prefix}/com'
sysconfdir='${prefix}/etc'
target='x86_64-apple-darwin17.0.0'
target_alias=''
target_cpu='x86_64'
target_os='darwin17.0.0'
target_vendor='apple'

## ----------- ##
## confdefs.h. ##
## ----------- ##

/* confdefs.h */
#define PACKAGE_NAME ""
#define PACKAGE_TARNAME ""
#define PACKAGE_VERSION ""
#define PACKAGE_STRING ""
#define PACKAGE_BUGREPORT ""
#define PACKAGE_URL ""
#define COMPILE_DL_SECURITY 1
#define STDC_HEADERS 1
#define HAVE_SYS_TYPES_H 1
#define HAVE_SYS_STAT_H 1
#define HAVE_STDLIB_H 1
#define HAVE_STRING_H 1
#define HAVE_MEMORY_H 1
#define HAVE_STRINGS_H 1
#define HAVE_INTTYPES_H 1
#define HAVE_STDINT_H 1
#define HAVE_UNISTD_H 1
#define HAVE_DLFCN_H 1
#define LT_OBJDIR ".libs/"

configure: exit 0
